<?xml version="1.0" encoding="UTF-8"?>
<testng-results skipped="0" failed="1" ignored="0" total="4" passed="3">
  <reporter-output>
    <line>
      <![CDATA[Setting last name in search box]]>
    </line>
    <line>
      <![CDATA[Clicking Find Owner Button]]>
    </line>
    <line>
      <![CDATA[After Assertion passes]]>
    </line>
    <line>
      <![CDATA[Setting last name in search box]]>
    </line>
    <line>
      <![CDATA[Clicking Find Owner Button]]>
    </line>
    <line>
      <![CDATA[After Assertion passes]]>
    </line>
    <line>
      <![CDATA[Setting last name in search box]]>
    </line>
    <line>
      <![CDATA[Clicking Find Owner Button]]>
    </line>
    <line>
      <![CDATA[Setting last name in search box]]>
    </line>
    <line>
      <![CDATA[Clicking Find Owner Button]]>
    </line>
  </reporter-output>
  <suite name="TestAll" duration-ms="33663" started-at="2019-08-02T14:15:42Z" finished-at="2019-08-02T14:16:15Z">
    <groups>
    </groups>
    <test name="Search Pet Owners" duration-ms="33663" started-at="2019-08-02T14:15:42Z" finished-at="2019-08-02T14:16:15Z">
      <class name="Search_Pet_Owners_Test">
        <test-method status="PASS" signature="setUpBeforeClass()[pri:0, instance:Search_Pet_Owners_Test@60f82f98]" name="setUpBeforeClass" is-config="true" duration-ms="33" started-at="2019-08-02T14:15:42Z" finished-at="2019-08-02T14:15:42Z">
          <reporter-output>
          </reporter-output>
        </test-method> <!-- setUpBeforeClass -->
        <test-method status="PASS" signature="SearchOwnerTest(java.lang.String, int, char)[pri:0, instance:Search_Pet_Owners_Test@60f82f98]" name="SearchOwnerTest" duration-ms="7021" started-at="2019-08-02T14:15:42Z" data-provider="data-provider" finished-at="2019-08-02T14:15:49Z">
          <params>
            <param index="0">
              <value>
                <![CDATA[Davis]]>
              </value>
            </param>
            <param index="1">
              <value>
                <![CDATA[1]]>
              </value>
            </param>
            <param index="2">
              <value>
                <![CDATA[C]]>
              </value>
            </param>
          </params>
          <reporter-output>
            <line>
              <![CDATA[Setting last name in search box]]>
            </line>
            <line>
              <![CDATA[Clicking Find Owner Button]]>
            </line>
            <line>
              <![CDATA[After Assertion passes]]>
            </line>
          </reporter-output>
        </test-method> <!-- SearchOwnerTest -->
        <test-method status="PASS" signature="SearchOwnerTest(java.lang.String, int, char)[pri:0, instance:Search_Pet_Owners_Test@60f82f98]" name="SearchOwnerTest" duration-ms="5488" started-at="2019-08-02T14:15:49Z" data-provider="data-provider" finished-at="2019-08-02T14:15:55Z">
          <params>
            <param index="0">
              <value>
                <![CDATA[]]>
              </value>
            </param>
            <param index="1">
              <value>
                <![CDATA[1]]>
              </value>
            </param>
            <param index="2">
              <value>
                <![CDATA[C]]>
              </value>
            </param>
          </params>
          <reporter-output>
            <line>
              <![CDATA[Setting last name in search box]]>
            </line>
            <line>
              <![CDATA[Clicking Find Owner Button]]>
            </line>
            <line>
              <![CDATA[After Assertion passes]]>
            </line>
          </reporter-output>
        </test-method> <!-- SearchOwnerTest -->
        <test-method status="FAIL" signature="SearchOwnerTest(java.lang.String, int, char)[pri:0, instance:Search_Pet_Owners_Test@60f82f98]" name="SearchOwnerTest" duration-ms="4635" started-at="2019-08-02T14:15:55Z" data-provider="data-provider" finished-at="2019-08-02T14:15:59Z">
          <params>
            <param index="0">
              <value>
                <![CDATA[E]]>
              </value>
            </param>
            <param index="1">
              <value>
                <![CDATA[0]]>
              </value>
            </param>
            <param index="2">
              <value>
                <![CDATA[C]]>
              </value>
            </param>
          </params>
          <exception class="java.lang.AssertionError">
            <message>
              <![CDATA[expected [0] but found [1]]]>
            </message>
            <full-stacktrace>
              <![CDATA[java.lang.AssertionError: expected [0] but found [1]
at org.testng.Assert.fail(Assert.java:96)
at org.testng.Assert.failNotEquals(Assert.java:776)
at org.testng.Assert.assertEqualsImpl(Assert.java:137)
at org.testng.Assert.assertEquals(Assert.java:118)
at org.testng.Assert.assertEquals(Assert.java:652)
at org.testng.Assert.assertEquals(Assert.java:662)
at Search_Pet_Owners_Test.SearchOwnerTest(Search_Pet_Owners_Test.java:110)
at sun.reflect.NativeMethodAccessorImpl.invoke0(Native Method)
at sun.reflect.NativeMethodAccessorImpl.invoke(NativeMethodAccessorImpl.java:62)
at sun.reflect.DelegatingMethodAccessorImpl.invoke(DelegatingMethodAccessorImpl.java:43)
at java.lang.reflect.Method.invoke(Method.java:498)
at org.testng.internal.MethodInvocationHelper.invokeMethod(MethodInvocationHelper.java:124)
at org.testng.internal.Invoker.invokeMethod(Invoker.java:583)
at org.testng.internal.Invoker.invokeTestMethod(Invoker.java:719)
at org.testng.internal.Invoker.invokeTestMethods(Invoker.java:989)
at org.testng.internal.TestMethodWorker.invokeTestMethods(TestMethodWorker.java:125)
at org.testng.internal.TestMethodWorker.run(TestMethodWorker.java:109)
at java.util.concurrent.ThreadPoolExecutor.runWorker(ThreadPoolExecutor.java:1142)
at java.util.concurrent.ThreadPoolExecutor$Worker.run(ThreadPoolExecutor.java:617)
at java.lang.Thread.run(Thread.java:748)
]]>
            </full-stacktrace>
          </exception> <!-- java.lang.AssertionError -->
          <reporter-output>
            <line>
              <![CDATA[Setting last name in search box]]>
            </line>
            <line>
              <![CDATA[Clicking Find Owner Button]]>
            </line>
          </reporter-output>
        </test-method> <!-- SearchOwnerTest -->
        <test-method status="PASS" signature="SearchOwnerTest(java.lang.String, int, char)[pri:0, instance:Search_Pet_Owners_Test@60f82f98]" name="SearchOwnerTest" duration-ms="15172" started-at="2019-08-02T14:15:59Z" data-provider="data-provider" finished-at="2019-08-02T14:16:14Z">
          <params>
            <param index="0">
              <value>
                <![CDATA[Betty]]>
              </value>
            </param>
            <param index="1">
              <value>
                <![CDATA[0]]>
              </value>
            </param>
            <param index="2">
              <value>
                <![CDATA[C]]>
              </value>
            </param>
          </params>
          <reporter-output>
            <line>
              <![CDATA[Setting last name in search box]]>
            </line>
            <line>
              <![CDATA[Clicking Find Owner Button]]>
            </line>
          </reporter-output>
        </test-method> <!-- SearchOwnerTest -->
        <test-method status="PASS" signature="destroy()[pri:0, instance:Search_Pet_Owners_Test@60f82f98]" name="destroy" is-config="true" duration-ms="890" started-at="2019-08-02T14:16:14Z" finished-at="2019-08-02T14:16:15Z">
          <reporter-output>
          </reporter-output>
        </test-method> <!-- destroy -->
      </class> <!-- Search_Pet_Owners_Test -->
    </test> <!-- Search Pet Owners -->
  </suite> <!-- TestAll -->
</testng-results>
